# JRE version: OpenJDK Runtime Environment (21.0.6) (build 21.0.6+-13391695-b895.109)
# Java VM: OpenJDK 64-Bit Server VM (21.0.6+-13391695-b895.109, mixed mode, tiered, compressed oops, compressed class ptrs, g1 gc, windows-amd64)
GC Precious Log:
 CardTable entry size: 512
 Card Set container configuration: InlinePtr #cards 5 size 8 Array Of Cards #cards 12 size 40 Howl #buckets 4 coarsen threshold 1843 Howl Bitmap #cards 512 size 80 coarsen threshold 460 Card regions per heap region 1 cards per card region 2048
 CPUs: 12 total, 12 available
 Memory: 8046M
 Large Page Support: Disabled
 NUMA Support: Disabled
 Compressed Oops: Enabled (32-bit)
 Heap Region Size: 1M
 Heap Min Capacity: 8M
 Heap Initial Capacity: 126M
 Heap Max Capacity: 2G
 Pre-touch: Disabled
 Parallel Workers: 10
 Concurrent Workers: 3
 Concurrent Refinement Workers: 10
 Periodic GC: Disabled
Heap:
 garbage-first heap   total 68608K, used 45614K [0x0000000080000000, 0x0000000100000000)
  region size 1024K, 27 young (27648K), 2 survivors (2048K)
 Metaspace       used 30111K, committed 30720K, reserved 1114112K
  class space    used 3863K, committed 4160K, reserved 1048576K
GC Heap History (10 events):
Event: 2.874 GC heap before
{Heap before GC invocations=0 (full 0):
 garbage-first heap   total 129024K, used 22528K [0x0000000080000000, 0x0000000100000000)
  region size 1024K, 23 young (23552K), 0 survivors (0K)
 Metaspace       used 7982K, committed 8128K, reserved 1114112K
  class space    used 712K, committed 768K, reserved 1048576K
}
Event: 2.891 GC heap after
{Heap after GC invocations=1 (full 0):
 garbage-first heap   total 129024K, used 2474K [0x0000000080000000, 0x0000000100000000)
  region size 1024K, 3 young (3072K), 3 survivors (3072K)
 Metaspace       used 7982K, committed 8128K, reserved 1114112K
  class space    used 712K, committed 768K, reserved 1048576K
}
Event: 6.710 GC heap before
{Heap before GC invocations=1 (full 0):
 garbage-first heap   total 129024K, used 39338K [0x0000000080000000, 0x0000000100000000)
  region size 1024K, 37 young (37888K), 3 survivors (3072K)
 Metaspace       used 12204K, committed 12480K, reserved 1114112K
  class space    used 1285K, committed 1408K, reserved 1048576K
}
Event: 6.733 GC heap after
{Heap after GC invocations=2 (full 0):
 garbage-first heap   total 129024K, used 11095K [0x0000000080000000, 0x0000000100000000)
  region size 1024K, 5 young (5120K), 5 survivors (5120K)
 Metaspace       used 12204K, committed 12480K, reserved 1114112K
  class space    used 1285K, committed 1408K, reserved 1048576K
}
Event: 8.952 GC heap before
{Heap before GC invocations=2 (full 0):
 garbage-first heap   total 129024K, used 56151K [0x0000000080000000, 0x0000000100000000)
  region size 1024K, 47 young (48128K), 5 survivors (5120K)
 Metaspace       used 12542K, committed 12736K, reserved 1114112K
  class space    used 1336K, committed 1472K, reserved 1048576K
}
Event: 8.977 GC heap after
{Heap after GC invocations=3 (full 0):
 garbage-first heap   total 129024K, used 16555K [0x0000000080000000, 0x0000000100000000)
  region size 1024K, 5 young (5120K), 5 survivors (5120K)
 Metaspace       used 12542K, committed 12736K, reserved 1114112K
  class space    used 1336K, committed 1472K, reserved 1048576K
}
Event: 23.046 GC heap before
{Heap before GC invocations=3 (full 0):
 garbage-first heap   total 129024K, used 46251K [0x0000000080000000, 0x0000000100000000)
  region size 1024K, 35 young (35840K), 5 survivors (5120K)
 Metaspace       used 21190K, committed 21504K, reserved 1114112K
  class space    used 2449K, committed 2624K, reserved 1048576K
}
Event: 23.062 GC heap after
{Heap after GC invocations=4 (full 0):
 garbage-first heap   total 129024K, used 20312K [0x0000000080000000, 0x0000000100000000)
  region size 1024K, 8 young (8192K), 8 survivors (8192K)
 Metaspace       used 21190K, committed 21504K, reserved 1114112K
  class space    used 2449K, committed 2624K, reserved 1048576K
}
Event: 30.228 GC heap before
{Heap before GC invocations=5 (full 0):
 garbage-first heap   total 68608K, used 52056K [0x0000000080000000, 0x0000000100000000)
  region size 1024K, 40 young (40960K), 8 survivors (8192K)
 Metaspace       used 26865K, committed 27392K, reserved 1114112K
  class space    used 3287K, committed 3584K, reserved 1048576K
}
Event: 30.239 GC heap after
{Heap after GC invocations=6 (full 0):
 garbage-first heap   total 68608K, used 22062K [0x0000000080000000, 0x0000000100000000)
  region size 1024K, 2 young (2048K), 2 survivors (2048K)
 Metaspace       used 26865K, committed 27392K, reserved 1114112K
  class space    used 3287K, committed 3584K, reserved 1048576K
}

